[    0.000000] Linux version 4.15.0-96-generic (buildd@lgw01-amd64-004) (gcc version 7.5.0 (Ubuntu 7.5.0-3ubuntu1~18.04)) #97-Ubuntu SMP Wed Apr 1 03:25:46 UTC 2020 (Ubuntu 4.15.0-96.97-generic 4.15.18)
[    0.000000] Command line: BOOT_IMAGE=/boot/vmlinuz-4.15.0-96-generic root=LABEL=cloudimg-rootfs ro console=tty1 console=ttyS0
[    0.000000] KERNEL supported cpus:
[    0.000000]   Intel GenuineIntel
[    0.000000]   AMD AuthenticAMD
[    0.000000]   Centaur CentaurHauls
[    0.000000] x86/fpu: Supporting XSAVE feature 0x001: 'x87 floating point registers'
[    0.000000] x86/fpu: Supporting XSAVE feature 0x002: 'SSE registers'
[    0.000000] x86/fpu: Supporting XSAVE feature 0x004: 'AVX registers'
[    0.000000] x86/fpu: xstate_offset[2]:  576, xstate_sizes[2]:  256
[    0.000000] x86/fpu: Enabled xstate features 0x7, context size is 832 bytes, using 'standard' format.
[    0.000000] e820: BIOS-provided physical RAM map:
[    0.000000] BIOS-e820: [mem 0x0000000000000000-0x000000000009fbff] usable
[    0.000000] BIOS-e820: [mem 0x000000000009fc00-0x000000000009ffff] reserved
[    0.000000] BIOS-e820: [mem 0x00000000000f0000-0x00000000000fffff] reserved
[    0.000000] BIOS-e820: [mem 0x0000000000100000-0x000000007ffeffff] usable
[    0.000000] BIOS-e820: [mem 0x000000007fff0000-0x000000007fffffff] ACPI data
[    0.000000] BIOS-e820: [mem 0x00000000fec00000-0x00000000fec00fff] reserved
[    0.000000] BIOS-e820: [mem 0x00000000fee00000-0x00000000fee00fff] reserved
[    0.000000] BIOS-e820: [mem 0x00000000fffc0000-0x00000000ffffffff] reserved
[    0.000000] NX (Execute Disable) protection: active
[    0.000000] SMBIOS 2.5 present.
[    0.000000] DMI: innotek GmbH VirtualBox/VirtualBox, BIOS VirtualBox 12/01/2006
[    0.000000] Hypervisor detected: KVM
[    0.000000] e820: last_pfn = 0x7fff0 max_arch_pfn = 0x400000000
[    0.000000] MTRR: Disabled
[    0.000000] x86/PAT: MTRRs disabled, skipping PAT initialization too.
[    0.000000] CPU MTRRs all blank - virtualized system.
[    0.000000] x86/PAT: Configuration [0-7]: WB  WT  UC- UC  WB  WT  UC- UC  
[    0.000000] found SMP MP-table at [mem 0x0009fff0-0x0009ffff]
[    0.000000] Scanning 1 areas for low memory corruption
[    0.000000] RAMDISK: [mem 0x35a6b000-0x36d2cfff]
[    0.000000] ACPI: Early table checksum verification disabled
[    0.000000] ACPI: RSDP 0x00000000000E0000 000024 (v02 VBOX  )
[    0.000000] ACPI: XSDT 0x000000007FFF0030 00003C (v01 VBOX   VBOXXSDT 00000001 ASL  00000061)
[    0.000000] ACPI: FACP 0x000000007FFF00F0 0000F4 (v04 VBOX   VBOXFACP 00000001 ASL  00000061)
[    0.000000] ACPI: DSDT 0x000000007FFF0470 0022EA (v02 VBOX   VBOXBIOS 00000002 INTL 20100528)
[    0.000000] ACPI: FACS 0x000000007FFF0200 000040
[    0.000000] ACPI: FACS 0x000000007FFF0200 000040
[    0.000000] ACPI: APIC 0x000000007FFF0240 00005C (v02 VBOX   VBOXAPIC 00000001 ASL  00000061)
[    0.000000] ACPI: SSDT 0x000000007FFF02A0 0001CC (v01 VBOX   VBOXCPUT 00000002 INTL 20100528)
[    0.000000] No NUMA configuration found
[    0.000000] Faking a node at [mem 0x0000000000000000-0x000000007ffeffff]
[    0.000000] NODE_DATA(0) allocated [mem 0x7ffc5000-0x7ffeffff]
[    0.000000] kvm-clock: cpu 0, msr 0:7ff44001, primary cpu clock
[    0.000000] kvm-clock: Using msrs 4b564d01 and 4b564d00
[    0.000000] kvm-clock: using sched offset of 4458423720 cycles
[    0.000000] clocksource: kvm-clock: mask: 0xffffffffffffffff max_cycles: 0x1cd42e4dffb, max_idle_ns: 881590591483 ns
[    0.000000] Zone ranges:
[    0.000000]   DMA      [mem 0x0000000000001000-0x0000000000ffffff]
[    0.000000]   DMA32    [mem 0x0000000001000000-0x000000007ffeffff]
[    0.000000]   Normal   empty
[    0.000000]   Device   empty
[    0.000000] Movable zone start for each node
[    0.000000] Early memory node ranges
[    0.000000]   node   0: [mem 0x0000000000001000-0x000000000009efff]
[    0.000000]   node   0: [mem 0x0000000000100000-0x000000007ffeffff]
[    0.000000] Reserved but unavailable: 98 pages
[    0.000000] Initmem setup node 0 [mem 0x0000000000001000-0x000000007ffeffff]
[    0.000000] ACPI: PM-Timer IO Port: 0x4008
[    0.000000] IOAPIC[0]: apic_id 2, version 32, address 0xfec00000, GSI 0-23
[    0.000000] ACPI: INT_SRC_OVR (bus 0 bus_irq 0 global_irq 2 dfl dfl)
[    0.000000] ACPI: INT_SRC_OVR (bus 0 bus_irq 9 global_irq 9 low level)
[    0.000000] Using ACPI (MADT) for SMP configuration information
[    0.000000] smpboot: Allowing 2 CPUs, 0 hotplug CPUs
[    0.000000] PM: Registered nosave memory: [mem 0x00000000-0x00000fff]
[    0.000000] PM: Registered nosave memory: [mem 0x0009f000-0x0009ffff]
[    0.000000] PM: Registered nosave memory: [mem 0x000a0000-0x000effff]
[    0.000000] PM: Registered nosave memory: [mem 0x000f0000-0x000fffff]
[    0.000000] e820: [mem 0x80000000-0xfebfffff] available for PCI devices
[    0.000000] Booting paravirtualized kernel on KVM
[    0.000000] clocksource: refined-jiffies: mask: 0xffffffff max_cycles: 0xffffffff, max_idle_ns: 7645519600211568 ns
[    0.000000] random: get_random_bytes called from start_kernel+0x99/0x4fd with crng_init=0
[    0.000000] setup_percpu: NR_CPUS:8192 nr_cpumask_bits:2 nr_cpu_ids:2 nr_node_ids:1
[    0.000000] percpu: Embedded 45 pages/cpu s147456 r8192 d28672 u1048576
[    0.000000] PV qspinlock hash table entries: 256 (order: 0, 4096 bytes)
[    0.000000] Built 1 zonelists, mobility grouping on.  Total pages: 515961
[    0.000000] Policy zone: DMA32
[    0.000000] Kernel command line: BOOT_IMAGE=/boot/vmlinuz-4.15.0-96-generic root=LABEL=cloudimg-rootfs ro console=tty1 console=ttyS0
[    0.000000] Memory: 2015252K/2096696K available (12300K kernel code, 2481K rwdata, 4264K rodata, 2432K init, 2712K bss, 81444K reserved, 0K cma-reserved)
[    0.000000] SLUB: HWalign=64, Order=0-3, MinObjects=0, CPUs=2, Nodes=1
[    0.000000] Kernel/User page tables isolation: enabled
[    0.000000] ftrace: allocating 39351 entries in 154 pages
[    0.004000] Hierarchical RCU implementation.
[    0.004000] 	RCU restricting CPUs from NR_CPUS=8192 to nr_cpu_ids=2.
[    0.004000] 	Tasks RCU enabled.
[    0.004000] RCU: Adjusting geometry for rcu_fanout_leaf=16, nr_cpu_ids=2
[    0.004000] NR_IRQS: 524544, nr_irqs: 440, preallocated irqs: 16
[    0.004000] Console: colour VGA+ 80x25
[    0.004000] console [tty1] enabled
[    0.004000] console [ttyS0] enabled
[    0.004000] ACPI: Core revision 20170831
[    0.004000] ACPI: 2 ACPI AML tables successfully acquired and loaded
[    0.004000] APIC: Switch to symmetric I/O mode setup
[    0.004000] x2apic enabled
[    0.004000] Switched APIC routing to physical x2apic.
[    0.004000] ..TIMER: vector=0x30 apic1=0 pin1=2 apic2=-1 pin2=-1
[    0.004004] tsc: Detected 2807.998 MHz processor
[    0.004827] Calibrating delay loop (skipped) preset value.. 5615.99 BogoMIPS (lpj=11231992)
[    0.008002] pid_max: default: 32768 minimum: 301
[    0.008876] Security Framework initialized
[    0.009638] Yama: becoming mindful.
[    0.010314] AppArmor: AppArmor initialized
[    0.012000] Dentry cache hash table entries: 262144 (order: 9, 2097152 bytes)
[    0.013530] Inode-cache hash table entries: 131072 (order: 8, 1048576 bytes)
[    0.016017] Mount-cache hash table entries: 4096 (order: 3, 32768 bytes)
[    0.017200] Mountpoint-cache hash table entries: 4096 (order: 3, 32768 bytes)
[    0.020261] Last level iTLB entries: 4KB 64, 2MB 8, 4MB 8
[    0.021237] Last level dTLB entries: 4KB 64, 2MB 0, 4MB 0, 1GB 4
[    0.022369] Spectre V1 : Mitigation: usercopy/swapgs barriers and __user pointer sanitization
[    0.024002] Spectre V2 : Mitigation: Full generic retpoline
[    0.024971] Spectre V2 : Spectre v2 / SpectreRSB mitigation: Filling RSB on context switch
[    0.028004] Speculative Store Bypass: Vulnerable
[    0.030321] MDS: Mitigation: Clear CPU buffers
[    0.031311] Freeing SMP alternatives memory: 36K
[    0.141029] smpboot: CPU0: Intel(R) Core(TM) i7-7700HQ CPU @ 2.80GHz (family: 0x6, model: 0x9e, stepping: 0x9)
[    0.143362] Performance Events: unsupported p6 CPU model 158 no PMU driver, software events only.
[    0.144031] Hierarchical SRCU implementation.
[    0.145735] NMI watchdog: Perf event create on CPU 0 failed with -2
[    0.146887] NMI watchdog: Perf NMI watchdog permanently disabled
[    0.148050] smp: Bringing up secondary CPUs ...
[    0.149307] x86: Booting SMP configuration:
[    0.150089] .... node  #0, CPUs:      #1
[    0.004000] kvm-clock: cpu 1, msr 0:7ff44041, secondary cpu clock
[    0.154671] smp: Brought up 1 node, 2 CPUs
[    0.154671] smpboot: Max logical packages: 1
[    0.156007] smpboot: Total of 2 processors activated (11231.99 BogoMIPS)
[    0.157365] devtmpfs: initialized
[    0.157365] x86/mm: Memory block size: 128MB
[    0.160171] evm: security.selinux
[    0.160814] evm: security.SMACK64
[    0.161451] evm: security.SMACK64EXEC
[    0.162143] evm: security.SMACK64TRANSMUTE
[    0.162925] evm: security.SMACK64MMAP
[    0.164006] evm: security.apparmor
[    0.165181] evm: security.ima
[    0.166102] evm: security.capability
[    0.167045] clocksource: jiffies: mask: 0xffffffff max_cycles: 0xffffffff, max_idle_ns: 7645041785100000 ns
[    0.168011] futex hash table entries: 512 (order: 3, 32768 bytes)
[    0.169160] pinctrl core: initialized pinctrl subsystem
[    0.170232] RTC time: 20:19:52, date: 04/23/20
[    0.172140] NET: Registered protocol family 16
[    0.173051] audit: initializing netlink subsys (disabled)
[    0.174061] audit: type=2000 audit(1587673198.570:1): state=initialized audit_enabled=0 res=1
[    0.176011] cpuidle: using governor ladder
[    0.176789] cpuidle: using governor menu
[    0.177565] ACPI: bus type PCI registered
[    0.178337] acpiphp: ACPI Hot Plug PCI Controller Driver version: 0.5
[    0.180021] PCI: Using configuration type 1 for base access
[    0.184043] HugeTLB registered 2.00 MiB page size, pre-allocated 0 pages
[    0.185827] ACPI: Added _OSI(Module Device)
[    0.185827] ACPI: Added _OSI(Processor Device)
[    0.188005] ACPI: Added _OSI(3.0 _SCP Extensions)
[    0.189104] ACPI: Added _OSI(Processor Aggregator Device)
[    0.190096] ACPI: Added _OSI(Linux-Dell-Video)
[    0.190953] ACPI: Added _OSI(Linux-Lenovo-NV-HDMI-Audio)
[    0.192009] ACPI: Added _OSI(Linux-HPI-Hybrid-Graphics)
[    0.193519] ACPI: Executed 1 blocks of module-level executable AML code
[    0.199597] ACPI: Interpreter enabled
[    0.200016] ACPI: (supports S0 S5)
[    0.200718] ACPI: Using IOAPIC for interrupt routing
[    0.201838] PCI: Using host bridge windows from ACPI; if necessary, use "pci=nocrs" and report a bug
[    0.204213] ACPI: Enabled 2 GPEs in block 00 to 07
[    0.213504] ACPI: PCI Root Bridge [PCI0] (domain 0000 [bus 00-ff])
[    0.215209] acpi PNP0A03:00: _OSC: OS supports [ASPM ClockPM Segments MSI]
[    0.216414] acpi PNP0A03:00: _OSC: not requesting OS control; OS requires [ExtendedConfig ASPM ClockPM MSI]
[    0.218174] acpi PNP0A03:00: fail to add MMCONFIG information, can't access extended PCI configuration space under this bridge.
[    0.220422] PCI host bridge to bus 0000:00
[    0.221197] pci_bus 0000:00: root bus resource [io  0x0000-0x0cf7 window]
[    0.222545] pci_bus 0000:00: root bus resource [io  0x0d00-0xffff window]
[    0.224004] pci_bus 0000:00: root bus resource [mem 0x000a0000-0x000bffff window]
[    0.225753] pci_bus 0000:00: root bus resource [mem 0x80000000-0xfdffffff window]
[    0.228006] pci_bus 0000:00: root bus resource [bus 00-ff]
[    0.232376] pci 0000:00:01.1: legacy IDE quirk: reg 0x10: [io  0x01f0-0x01f7]
[    0.234305] pci 0000:00:01.1: legacy IDE quirk: reg 0x14: [io  0x03f6]
[    0.235574] pci 0000:00:01.1: legacy IDE quirk: reg 0x18: [io  0x0170-0x0177]
[    0.236004] pci 0000:00:01.1: legacy IDE quirk: reg 0x1c: [io  0x0376]
[    0.261595] pci 0000:00:07.0: quirk: [io  0x4000-0x403f] claimed by PIIX4 ACPI
[    0.263803] pci 0000:00:07.0: quirk: [io  0x4100-0x410f] claimed by PIIX4 SMB
[    0.279857] ACPI: PCI Interrupt Link [LNKA] (IRQs 5 9 10 *11)
[    0.280273] ACPI: PCI Interrupt Link [LNKB] (IRQs 5 9 *10 11)
[    0.281465] ACPI: PCI Interrupt Link [LNKC] (IRQs 5 *9 10 11)
[    0.282684] ACPI: PCI Interrupt Link [LNKD] (IRQs 5 9 10 *11)
[    0.284506] SCSI subsystem initialized
[    0.285499] pci 0000:00:02.0: vgaarb: setting as boot VGA device
[    0.285499] pci 0000:00:02.0: vgaarb: VGA device added: decodes=io+mem,owns=io+mem,locks=none
[    0.288004] pci 0000:00:02.0: vgaarb: bridge control possible
[    0.289075] vgaarb: loaded
[    0.289636] ACPI: bus type USB registered
[    0.292017] usbcore: registered new interface driver usbfs
[    0.293026] usbcore: registered new interface driver hub
[    0.294245] usbcore: registered new device driver usb
[    0.296146] EDAC MC: Ver: 3.0.0
[    0.297770] PCI: Using ACPI for IRQ routing
[    0.297770] NetLabel: Initializing
[    0.300005] NetLabel:  domain hash size = 128
[    0.300985] NetLabel:  protocols = UNLABELED CIPSOv4 CALIPSO
[    0.302069] NetLabel:  unlabeled traffic allowed by default
[    0.304063] clocksource: Switched to clocksource kvm-clock
[    0.317848] VFS: Disk quotas dquot_6.6.0
[    0.319094] VFS: Dquot-cache hash table entries: 512 (order 0, 4096 bytes)
[    0.321206] AppArmor: AppArmor Filesystem Enabled
[    0.322324] pnp: PnP ACPI init
[    0.324208] pnp: PnP ACPI: found 3 devices
[    0.334633] clocksource: acpi_pm: mask: 0xffffff max_cycles: 0xffffff, max_idle_ns: 2085701024 ns
[    0.337034] NET: Registered protocol family 2
[    0.338027] TCP established hash table entries: 16384 (order: 5, 131072 bytes)
[    0.339404] TCP bind hash table entries: 16384 (order: 6, 262144 bytes)
[    0.340687] TCP: Hash tables configured (established 16384 bind 16384)
[    0.343779] UDP hash table entries: 1024 (order: 3, 32768 bytes)
[    0.344949] UDP-Lite hash table entries: 1024 (order: 3, 32768 bytes)
[    0.346545] NET: Registered protocol family 1
[    0.347440] pci 0000:00:00.0: Limiting direct PCI/PCI transfers
[    0.348561] pci 0000:00:01.0: Activating ISA DMA hang workarounds
[    0.349711] pci 0000:00:02.0: Video device with shadowed ROM at [mem 0x000c0000-0x000dffff]
[    0.351406] Unpacking initramfs...
[    0.638341] Freeing initrd memory: 19208K
[    0.639788] clocksource: tsc: mask: 0xffffffffffffffff max_cycles: 0x2879c456dd4, max_idle_ns: 440795285767 ns
[    0.642363] platform rtc_cmos: registered platform RTC device (no PNP device found)
[    0.644166] Scanning for low memory corruption every 60 seconds
[    0.645889] Initialise system trusted keyrings
[    0.647114] Key type blacklist registered
[    0.648180] workingset: timestamp_bits=36 max_order=19 bucket_order=0
[    0.650157] zbud: loaded
[    0.651091] squashfs: version 4.0 (2009/01/31) Phillip Lougher
[    0.652338] fuse init (API version 7.26)
[    0.654833] Key type asymmetric registered
[    0.655828] Asymmetric key parser 'x509' registered
[    0.656769] Block layer SCSI generic (bsg) driver version 0.4 loaded (major 246)
[    0.658208] io scheduler noop registered
[    0.659221] io scheduler deadline registered
[    0.660147] io scheduler cfq registered (default)
[    0.661474] ACPI: AC Adapter [AC] (on-line)
[    0.662469] input: Power Button as /devices/LNXSYSTM:00/LNXPWRBN:00/input/input0
[    0.663858] ACPI: Power Button [PWRF]
[    0.664978] input: Sleep Button as /devices/LNXSYSTM:00/LNXSLPBN:00/input/input1
[    0.666346] ACPI: Sleep Button [SLPF]
[    0.668191] Serial: 8250/16550 driver, 32 ports, IRQ sharing enabled
[    0.668551] ACPI: Battery Slot [BAT0] (battery present)
[    0.690856] 00:02: ttyS0 at I/O0x3f8 (irq = 4, base_baud = 115200) is  16550A
    0.695107] Linux agpgart interface v0.103
[    0.700040] loop: module loaded
[    0.701314] scsi host0: ata_piix
[    0.702228] scsi host1: ata_piix
[    0.703043] ata1: PATA max UDMA/33 cmd 0x1f0 ctl 0x3f6 bmdma 0xd000 irq 14
[    0.704496] ata2: PATA max UDMA/33 cmd 0x170 ctl 0x376 bmdma 0xd008 irq 15
[    0.705862] libphy: Fixed MDIO Bus: probed
[    0.706972] tun: Universal TUN/TAP device driver, 1.6
[    0.708054] PPP generic driver version 2.4.2
[    0.708908] ehci_hcd: USB 2.0 'Enhanced' Host Controller (EHCI) Driver
[    0.710092] ehci-pci: EHCI PCI platform driver
[    0.711495] ehci-platform: EHCI generic platform driver
[    0.712536] ohci_hcd: USB 1.1 'Open' Host Controller (OHCI) Driver
[    0.713791] ohci-pci: OHCI PCI platform driver
[    0.715072] ohci-platform: OHCI generic platform driver
[    0.716269] uhci_hcd: USB Universal Host Controller Interface driver
[    0.717572] i8042: PNP: PS/2 Controller [PNP0303:PS2K,PNP0f03:PS2M] at 0x60,0x64 irq 1,12
[    0.719525] serio: i8042 KBD port at 0x60,0x64 irq 1
[    0.720857] serio: i8042 AUX port at 0x60,0x64 irq 12
[    0.721894] mousedev: PS/2 mouse device common for all mice
[    0.723117] input: AT Translated Set 2 keyboard as /devices/platform/i8042/serio0/input/input2
[    0.725041] rtc_cmos rtc_cmos: rtc core: registered rtc_cmos as rtc0
[    0.726232] rtc_cmos rtc_cmos: alarms up to one day, 114 bytes nvram
[    0.727562] i2c /dev entries driver
[    0.728500] device-mapper: uevent: version 1.0.3
[    0.729427] device-mapper: ioctl: 4.37.0-ioctl (2017-09-20) initialised: dm-devel@redhat.com
[    0.731018] ledtrig-cpu: registered to indicate activity on CPUs
[    0.733084] NET: Registered protocol family 10
[    0.737598] Segment Routing with IPv6
[    0.738639] NET: Registered protocol family 17
[    0.739801] Key type dns_resolver registered
[    0.741267] mce: Using 0 MCE banks
[    0.741950] RAS: Correctable Errors collector initialized.
[    0.742969] sched_clock: Marking stable (741207331, 0)->(923040261, -181832930)
[    0.744735] registered taskstats version 1
[    0.745540] Loading compiled-in X.509 certificates
[    0.748643] Loaded X.509 cert 'Build time autogenerated kernel key: 244b473b43e18b01f00e37a87f2ecd28620f0244'
[    0.750778] zswap: loaded using pool lzo/zbud
[    0.754945] Key type big_key registered
[    0.755811] Key type trusted registered
[    0.757956] Key type encrypted registered
[    0.759266] AppArmor: AppArmor sha1 policy hashing enabled
[    0.760677] ima: No TPM chip found, activating TPM-bypass! (rc=-19)
[    0.761942] ima: Allocated hash algorithm: sha1
[    0.763026] evm: HMAC attrs: 0x1
[    0.763936]   Magic number: 0:111:347
[    0.764691]  pci0000:00: hash matches
[    0.765445] rtc_cmos rtc_cmos: setting system clock to 2020-04-23 20:19:53 UTC (1587673193)
[    0.767365] BIOS EDD facility v0.16 2004-Jun-25, 0 devices found
[    0.768526] EDD information not available.
[    0.873134] Freeing unused kernel image memory: 2432K
[    0.884772] Write protecting the kernel read-only data: 20480k
[    0.887287] Freeing unused kernel image memory: 2008K
[    0.888892] Freeing unused kernel image memory: 1880K
[    0.897911] x86/mm: Checked W+X mappings: passed, no W+X pages found.
[    0.900176] x86/mm: Checking user space page tables
[    0.908078] x86/mm: Checked W+X mappings: passed, no W+X pages found.
Loading, please wait...
starting version 237
[    0.972913] e1000: Intel(R) PRO/1000 Network Driver - version 7.3.21-k8-NAPI
[    0.975184] e1000: Copyright (c) 1999-2006 Intel Corporation.
[    0.990339] Fusion MPT base driver 3.04.20
[    0.991167] Copyright (c) 1999-2008 LSI Corporation
[    0.992441] AVX2 version of gcm_enc/dec engaged.
[    0.993538] AES CTR mode by8 optimization enabled
[    1.006884] Fusion MPT SPI Host driver 3.04.20
[    1.227917] input: ImExPS/2 Generic Explorer Mouse as /devices/platform/i8042/serio1/input/input4
[    1.382051] e1000 0000:00:03.0 eth0: (PCI:33MHz:32-bit) 02:43:0e:00:05:fc
[    1.383828] e1000 0000:00:03.0 eth0: Intel(R) PRO/1000 Network Connection
[    1.778535] e1000 0000:00:08.0 eth1: (PCI:33MHz:32-bit) 08:00:27:0d:cc:57
[    1.780200] e1000 0000:00:08.0 eth1: Intel(R) PRO/1000 Network Connection
[    1.783458] e1000 0000:00:08.0 enp0s8: renamed from eth1
[    1.784976] mptbase: ioc0: Initiating bringup
[    1.801145] e1000 0000:00:03.0 enp0s3: renamed from eth0
[    1.885669] ioc0: LSI53C1030 A0: Capabilities={Initiator}
[    2.129302] scsi host2: ioc0: LSI53C1030 A0, FwRev=00000000h, Ports=1, MaxQ=256, IRQ=20
[    2.301300] scsi 2:0:0:0: Direct-Access     VBOX     HARDDISK         1.0  PQ: 0 ANSI: 5
[    2.343557] scsi target2:0:0: Beginning Domain Validation
[    2.348201] scsi target2:0:0: Domain Validation skipping write tests
[    2.349702] scsi target2:0:0: Ending Domain Validation
[    2.351366] scsi target2:0:0: asynchronous
[    2.352775] scsi 2:0:1:0: Direct-Access     VBOX     HARDDISK         1.0  PQ: 0 ANSI: 5
[    2.619545] scsi target2:0:1: Beginning Domain Validation
[    2.622883] random: fast init done
[    2.624207] scsi target2:0:1: Domain Validation skipping write tests
[    2.625683] scsi target2:0:1: Ending Domain Validation
[    2.626984] scsi target2:0:1: asynchronous
[    2.631950] random: systemd-udevd: uninitialized urandom read (16 bytes read)
[    2.632146] sd 2:0:0:0: [sda] 20971520 512-byte logical blocks: (10.7 GB/10.0 GiB)
[    2.633715] random: systemd-udevd: uninitialized urandom read (16 bytes read)
[    2.635451] sd 2:0:0:0: Attached scsi generic sg0 type 0
[    2.637500] random: systemd-udevd: uninitialized urandom read (16 bytes read)
[    2.640637] sd 2:0:0:0: [sda] Write Protect is off
[    2.641993] sd 2:0:0:0: [sda] Incomplete mode parameter data
[    2.643199] sd 2:0:0:0: [sda] Assuming drive cache: write through
[    2.644355] sd 2:0:1:0: Attached scsi generic sg1 type 0
[    2.644712] sd 2:0:1:0: [sdb] 20480 512-byte logical blocks: (10.5 MB/10.0 MiB)
[    2.647822] sd 2:0:1:0: [sdb] Write Protect is off
[    2.648930] sd 2:0:1:0: [sdb] Incomplete mode parameter data
[    2.650029] sd 2:0:1:0: [sdb] Assuming drive cache: write through
[    2.657174]  sda: sda1
[    2.658858] sd 2:0:0:0: [sda] Attached SCSI disk
[    2.660061] sd 2:0:1:0: [sdb] Attached SCSI disk
Begin: Loading essential drivers ... [    4.064507] raid6: sse2x1   gen() 11332 MB/s
[    4.112619] raid6: sse2x1   xor()  7865 MB/s
[    4.166070] raid6: sse2x2   gen() 15464 MB/s
[    4.212481] raid6: sse2x2   xor()  9168 MB/s
[    4.260014] raid6: sse2x4   gen() 14755 MB/s
[    4.308265] raid6: sse2x4   xor()  9580 MB/s
[    4.360646] raid6: avx2x1   gen() 23933 MB/s
[    4.409271] raid6: avx2x1   xor() 16683 MB/s
[    4.456206] raid6: avx2x2   gen() 26632 MB/s
[    4.504242] raid6: avx2x2   xor() 17100 MB/s
[    4.552482] raid6: avx2x4   gen() 31290 MB/s
[    4.607773] raid6: avx2x4   xor() 23172 MB/s
[    4.609053] raid6: using algorithm avx2x4 gen() 31290 MB/s
[    4.610552] raid6: .... xor() 23172 MB/s, rmw enabled
[    4.611726] raid6: using avx2x2 recovery algorithm
[    4.614221] xor: automatically using best checksumming function   avx       
[    4.616627] async_tx: api initialized (async)
done.
Begin: Running /scripts/init-premount ... done.
Begin: Mounting root file system ... Begin: Running /scripts/local-top ... done.
Begin: Running /scripts/local-premount ... [    4.655530] Btrfs loaded, crc32c=crc32c-intel
Scanning for Btrfs filesystems
done.
Warning: fsck not present, so skipping root file system
[    4.696777] EXT4-fs (sda1): mounted filesystem with ordered data mode. Opts: (null)
done.
Begin: Running /scripts/local-bottom ... done.
Begin: Running /scripts/init-bottom ... done.
[    4.854748] ip_tables: (C) 2000-2006 Netfilter Core Team
[    4.863354] systemd[1]: systemd 237 running in system mode. (+PAM +AUDIT +SELINUX +IMA +APPARMOR +SMACK +SYSVINIT +UTMP +LIBCRYPTSETUP +GCRYPT +GNUTLS +ACL +XZ +LZ4 +SECCOMP +BLKID +ELFUTILS +KMOD -IDN2 +IDN -PCRE2 default-hierarchy=hybrid)
[    4.867201] systemd[1]: Detected virtualization oracle.
[    4.868192] systemd[1]: Detected architecture x86-64.

Welcome to [1mUbuntu 18.04.4 LTS[0m!

[    4.874000] systemd[1]: Set hostname to <ubuntu-bionic>.
[    5.162299] systemd[1]: Configuration file /lib/systemd/system/kubelet.service is marked world-inaccessible. This has no effect as configuration data is accessible via APIs without restrictions. Proceeding anyway.
[    5.168222] systemd[1]: Configuration file /etc/systemd/system/kubelet.service.d/10-kubeadm.conf is marked world-inaccessible. This has no effect as configuration data is accessible via APIs without restrictions. Proceeding anyway.
[    5.211183] systemd[1]: Created slice User and Session Slice.
[[0;32m  OK  [0m] Created slice User and Session Slice.
[    5.213380] systemd[1]: Reached target User and Group Name Lookups.
[[0;32m  OK  [0m] Reached target User and Group Name Lookups.
[    5.215627] systemd[1]: Set up automount Arbitrary Executable File Formats File System Automount Point.
[[0;32m  OK  [0m] Set up automount Arbitrary Executab…rmats File System Automount Point.
[    5.218670] systemd[1]: Reached target Swap.
[[0;32m  OK  [0m] Reached target Swap.
[[0;32m  OK  [0m] Created slice System Slice.
[[0;32m  OK  [0m] Listening on udev Kernel Socket.
[[0;32m  OK  [0m] Listening on Journal Socket (/dev/log).
[[0;32m  OK  [0m] Created slice system-serial\x2dgetty.slice.
[[0;32m  OK  [0m] Listening on udev Control Socket.
[[0;32m  OK  [0m] Listening on LVM2 metadata daemon socket.
[[0;32m  OK  [0m] Listening on LVM2 poll daemon socket.
[[0;32m  OK  [0m] Listening on Journal Audit Socket.
[[0;32m  OK  [0m] Listening on Journal Socket.
         Starting Remount Root and Kernel File Systems...
         Mounting POSIX Message Queue File System...
[    5.300233] EXT4-fs (sda1): re-mounted. Opts: (null)
         Starting Uncomplicated firewall...
         Starting udev Coldplug all Devices...
[[0;32m  OK  [0m] Listening on /dev/initctl Compatibility Named Pipe.
[[0;32m  OK  [0m] Listening on Device-mapper event daemon FIFOs.
         Starting Monitoring of LVM2 mirrors…ng dmeventd or progress polling...
[[0;32m  OK  [0m] Listening on Syslog Socket.
         Starting Journal Service...
         Mounting Huge Pages File System...
[[0;32m  OK  [0m] Reached target Slices.
         Starting Load Kernel Modules...
[[0;32m  OK  [0m] Started Forward Password Requests to Wall Directory Watch.
[[0;32m  OK  [0m] Reached target System Time Synchronized.
         Starting Set the console keyboard layout...
[[0;32m  OK  [0m] Listening on Network Service Netlink Socket.
         Starting Create list of required st…ce nodes for the current kernel...
[    5.424166] Loading iSCSI transport class v2.0-870.
[    5.431362] iscsi: registered transport (tcp)
[    5.447295] iscsi: registered transport (iser)
         Mounting Kernel Debug File System...
[[0;32m  OK  [0m] Started Journal Service.
[[0;32m  OK  [0m] Started Remount Root and Kernel File Systems.
[[0;32m  OK  [0m] Mounted POSIX Message Queue File System.
[[0;32m  OK  [0m] Started Uncomplicated firewall.
[[0;32m  OK  [0m] Mounted Huge Pages File System.
[[0;32m  OK  [0m] Started Load Kernel Modules.
[[0;32m  OK  [0m] Started Set the console keyboard layout.
[[0;32m  OK  [0m] Started Create list of required sta…vice nodes for the current kernel.
[[0;32m  OK  [0m] Mounted Kernel Debug File System.
[[0;32m  OK  [0m] Started udev Coldplug all Devices.
[[0;32m  OK  [0m] Started LVM2 metadata daemon.
         Starting Create Static Device Nodes in /dev...
         Mounting Kernel Configuration File System...
         Mounting FUSE Control File System...
         Starting Apply Kernel Variables...
         Starting Load/Save Random Seed...
         Starting Flush Journal to Persistent Storage...
[[0;32m  OK  [0m] Started Monitoring of LVM2 mirrors,…sing dmeventd or progress polling.
[[0;32m  OK  [0m] Started Create Static Device Nodes in /dev.
[[0;32m  OK  [0m] Mounted Kernel Configuration File System.
[[0;32m  OK  [0m] Mounted FUSE Control File System.
[[0;32m  OK  [0m] Started Load/Save Random Seed.
         Starting udev Kernel Device Manager...
[[0;32m  OK  [0m] Reached target Local File Systems (Pre).
[[0;32m  OK  [0m] Reached target Local File Systems.
         Starting Tell Plymouth To Write Out Runtime Data...
         Starting AppArmor initialization...
         Starting Set console font and keymap...
         Starting ebtables ruleset management...
[[0;32m  OK  [0m] Started Apply Kernel Variables.
[[0;32m  OK  [0m] Started Set console font and keymap.
[[0;32m  OK  [0m] Started Tell Plymouth To Write Out Runtime Data.
[[0;32m  OK  [0m] Started udev Kernel Device Manager.
[[0;32m  OK  [0m] Started Dispatch Password Requests to Console Directory Watch.
[[0;32m  OK  [0m] Reached target Local Encrypted Volumes.
[[0;32m  OK  [0m] Started Flush Journal to Persistent Storage.
         Starting Create Volatile Files and Directories...
[[0;32m  OK  [0m] Started Create Volatile Files and Directories.
         Starting Update UTMP about System Boot/Shutdown...
[[0;32m  OK  [0m] Started Update UTMP about System Boot/Shutdown.
[[0;32m  OK  [0m] Started ebtables ruleset management.
[[0;32m  OK  [0m] Found device /dev/ttyS0.
[[0;32m  OK  [0m] Started AppArmor initialization.
         Starting Initial cloud-init job (pre-networking)...
[[0;32m  OK  [0m] Listening on Load/Save RF Kill Switch Status /dev/rfkill Watch.
[    7.300142] cloud-init[520]: Cloud-init v. 19.4-33-gbb4131a2-0ubuntu1~18.04.1 running 'init-local' at Thu, 23 Apr 2020 20:19:59 +0000. Up 7.08 seconds.
[[0;32m  OK  [0m] Started Initial cloud-init job (pre-networking).
[[0;32m  OK  [0m] Reached target Network (Pre).
         Starting Network Service...
[[0;32m  OK  [0m] Started Network Service.
         Starting Network Name Resolution...
         Starting Wait for Network to be Configured...
[[0;32m  OK  [0m] Started Network Name Resolution.
[[0;32m  OK  [0m] Reached target Host and Network Name Lookups.
[[0;32m  OK  [0m] Reached target Network.
[[0;32m  OK  [0m] Started Wait for Network to be Configured.
         Starting Initial cloud-init job (metadata service crawler)...
[    9.068184] cloud-init[667]: Cloud-init v. 19.4-33-gbb4131a2-0ubuntu1~18.04.1 running 'init' at Thu, 23 Apr 2020 20:20:01 +0000. Up 8.92 seconds.
[    9.069522] cloud-init[667]: ci-info: ++++++++++++++++++++++++++++++++++++++Net device info+++++++++++++++++++++++++++++++++++++++
[    9.070465] cloud-init[667]: ci-info: +--------+------+-----------------------------+---------------+--------+-------------------+
[    9.071580] cloud-init[667]: ci-info: | Device |  Up  |           Address           |      Mask     | Scope  |     Hw-Address    |
[    9.072701] cloud-init[667]: ci-info: +--------+------+-----------------------------+---------------+--------+-------------------+
[    9.074068] cloud-init[667]: ci-info: | enp0s3 | True |          10.0.2.15          | 255.255.255.0 | global | 02:43:0e:00:05:fc |
[    9.075808] cloud-init[667]: ci-info: | enp0s3 | True |   fe80::43:eff:fe00:5fc/64  |       .       |  link  | 02:43:0e:00:05:fc |
[    9.077471] cloud-init[667]: ci-info: | enp0s8 | True |       192.168.138.101       | 255.255.255.0 | global | 08:00:27:0d:cc:57 |
[    9.078735] cloud-init[667]: ci-info: | enp0s8 | True | fe80::a00:27ff:fe0d:cc57/64 |       .       |  link  | 08:00:27:0d:cc:57 |
[    9.080110] cloud-init[667]: ci-info: |   lo   | True |          127.0.0.1          |   255.0.0.0   |  host  |         .         |
[    9.081351] cloud-init[667]: ci-info: |   lo   | True |           ::1/128           |       .       |  host  |         .         |
[    9.083368] cloud-init[667]: ci-info: +--------+------+-----------------------------+---------------+--------+-------------------+
[    9.085138] cloud-init[667]: ci-info: +++++++++++++++++++++++++++++Route IPv4 info++++++++++++++++++++++++++++++
[    9.086703] cloud-init[667]: ci-info: +-------+---------------+----------+-----------------+-----------+-------+
[    9.087938] cloud-init[667]: ci-info: | Route |  Destination  | Gateway  |     Genmask     | Interface | Flags |
[    9.089473] cloud-init[667]: ci-info: +-------+---------------+----------+-----------------+-----------+-------+
[    9.090953] cloud-init[667]: ci-info: |   0   |    0.0.0.0    | 10.0.2.2 |     0.0.0.0     |   enp0s3  |   UG  |
[    9.092492] cloud-init[667]: ci-info: |   1   |    10.0.2.0   | 0.0.0.0  |  255.255.255.0  |   enp0s3  |   U   |
[    9.104145] cloud-init[667]: ci-info: |   2   |    10.0.2.2   | 0.0.0.0  | 255.255.255.255 |   enp0s3  |   UH  |
[    9.105271] cloud-init[667]: ci-info: |   3   | 192.168.138.0 | 0.0.0.0  |  255.255.255.0  |   enp0s8  |   U   |
[    9.106427] cloud-init[667]: ci-info: +-------+---------------+----------+-----------------+-----------+-------+
[    9.108004] cloud-init[667]: ci-info: +++++++++++++++++++Route IPv6 info+++++++++++++++++++
[    9.109299] cloud-init[667]: ci-info: +-------+-------------+---------+-----------+-------+
[    9.120290] cloud-init[667]: ci-info: | Route | Destination | Gateway | Interface | Flags |
[    9.132319] cloud-init[667]: ci-info: +-------+-------------+---------+-----------+-------+
[    9.144197] cloud-init[667]: ci-info: |   1   |  fe80::/64  |    ::   |   enp0s3  |   U   |
[    9.144806] cloud-init[667]: ci-info: |   2   |  fe80::/64  |    ::   |   enp0s8  |   U   |
[    9.146103] cloud-init[667]: ci-info: |   4   |    local    |    ::   |   enp0s3  |   U   |
[    9.147459] cloud-init[667]: ci-info: |   5   |    local    |    ::   |   enp0s8  |   U   |
[    9.148835] cloud-init[667]: ci-info: |   6   |   ff00::/8  |    ::   |   enp0s3  |   U   |
[    9.150174] cloud-init[667]: ci-info: |   7   |   ff00::/8  |    ::   |   enp0s8  |   U   |
[    9.151568] cloud-init[667]: ci-info: +-------+-------------+---------+-----------+-------+
[[0;32m  OK  [0m] Started Initial cloud-init job (metadata service crawler).
[[0;32m  OK  [0m] Reached target Cloud-config availability.
[[0;32m  OK  [0m] Reached target System Initialization.
[[0;32m  OK  [0m] Listening on ACPID Listen Socket.
[[0;32m  OK  [0m] Listening on Open-iSCSI iscsid Socket.
[[0;32m  OK  [0m] Started ACPI Events Check.
         Starting LXD - unix socket.
[[0;32m  OK  [0m] Started Message of the Day.
[[0;32m  OK  [0m] Started Daily Cleanup of Temporary Directories.
[[0;32m  OK  [0m] Started Discard unused blocks once a week.
[[0;32m  OK  [0m] Listening on D-Bus System Message Bus Socket.
         Starting Socket activation for snappy daemon.
         Starting Docker Socket for the API.
[[0;32m  OK  [0m] Listening on UUID daemon activation socket.
[[0;32m  OK  [0m] Started Daily apt download activities.
[[0;32m  OK  [0m] Started Daily apt upgrade and clean activities.
[[0;32m  OK  [0m] Reached target Timers.
[[0;32m  OK  [0m] Reached target Paths.
[[0;32m  OK  [0m] Reached target Network is Online.
         Starting Availability of block devices...
[[0;32m  OK  [0m] Reached target Remote File Systems (Pre).
[[0;32m  OK  [0m] Reached target Remote File Systems.
[[0;32m  OK  [0m] Listening on LXD - unix socket.
[[0;32m  OK  [0m] Listening on Socket activation for snappy daemon.
[[0;32m  OK  [0m] Listening on Docker Socket for the API.
[[0;32m  OK  [0m] Started Availability of block devices.
[[0;32m  OK  [0m] Reached target Sockets.
[[0;32m  OK  [0m] Reached target Basic System.
[[0;32m  OK  [0m] Started D-Bus System Message Bus.
         Starting Accounts Service...
         Starting Dispatcher daemon for systemd-networkd...
[[0;32m  OK  [0m] Started kubelet: The Kubernetes Node Agent.
         Starting Permit User Sessions...
         Starting LSB: Record successful boot for GRUB...
         Starting System Logging Service...
         Starting Snappy daemon...
         Starting Virtualbox guest utils...
         Starting LSB: automatic crash report generation...
         Starting OpenBSD Secure Shell server...
[[0;32m  OK  [0m] Started Deferred execution scheduler.
[[0;32m  OK  [0m] Started Regular background program processing daemon.
         Starting Login Service...
[[0;32m  OK  [0m] Started FUSE filesystem for LXC.
         Starting containerd container runtime...
[[0;32m  OK  [0m] Started irqbalance daemon.
         Starting LXD - container startup/shutdown...
[[0;32m  OK  [0m] Started Permit User Sessions.
[[0;32m  OK  [0m] Started System Logging Service.
[[0;32m  OK  [0m] Started containerd container runtime.
[[0;32m  OK  [0m] Started Login Service.
[[0;32m  OK  [0m] Started Unattended Upgrades Shutdown.
         Starting Docker Application Container Engine...
         Starting Authorization Manager...
         Starting Hold until boot process finishes up...
         Starting Terminate Plymouth Boot Screen...
[[0;32m  OK  [0m] Started Hold until boot process finishes up.
[[0;32m  OK  [0m] Started Serial Getty on ttyS0.
         Starting Set console scheme...
[[0;32m  OK  [0m] Started Terminate Plymouth Boot Screen.
[[0;32m  OK  [0m] Started OpenBSD Secure Shell server.
[[0;32m  OK  [0m] Started Set console scheme.
[[0;32m  OK  [0m] Created slice system-getty.slice.
[[0;32m  OK  [0m] Started Getty on tty1.
[[0;32m  OK  [0m] Reached target Login Prompts.
[[0;32m  OK  [0m] Started Authorization Manager.
[[0;32m  OK  [0m] Started Accounts Service.
[[0;32m  OK  [0m] Started LSB: automatic crash report generation.
[[0;32m  OK  [0m] Started LSB: Record successful boot for GRUB.
[[0;32m  OK  [0m] Started Virtualbox guest utils.
[[0;32m  OK  [0m] Started LXD - container startup/shutdown.
[[0;32m  OK  [0m] Started Dispatcher daemon for systemd-networkd.
[[0;32m  OK  [0m] Created slice User Slice of vagrant.
         Starting User Manager for UID 1000...
[[0;32m  OK  [0m] Started Session 1 of user vagrant.
[[0;32m  OK  [0m] Started User Manager for UID 1000.
[[0;32m  OK  [0m] Started Kubernetes systemd probe.
[[0;32m  OK  [0m] Started Snappy daemon.
         Starting Wait until snapd is fully seeded...
[[0;32m  OK  [0m] Started Wait until snapd is fully seeded.
         Starting Apply the settings specified in cloud-config...
[   12.994691] cloud-init[1291]: Cloud-init v. 19.4-33-gbb4131a2-0ubuntu1~18.04.1 running 'modules:config' at Thu, 23 Apr 2020 20:20:05 +0000. Up 12.85 seconds.
[[0;32m  OK  [0m] Started Apply the settings specified in cloud-config.
[[0;32m  OK  [0m] Started Docker Application Container Engine.
[[0;32m  OK  [0m] Reached target Multi-User System.
         Starting Execute cloud user/final scripts...
[[0;32m  OK  [0m] Reached target Graphical Interface.
         Starting Update UTMP about System Runlevel Changes...
[[0;32m  OK  [0m] Started Update UTMP about System Runlevel Changes.
[   14.053263] cloud-init[1576]: Cloud-init v. 19.4-33-gbb4131a2-0ubuntu1~18.04.1 running 'modules:final' at Thu, 23 Apr 2020 20:20:06 +0000. Up 13.95 seconds.
[   14.055829] cloud-init[1576]: Cloud-init v. 19.4-33-gbb4131a2-0ubuntu1~18.04.1 finished at Thu, 23 Apr 2020 20:20:06 +0000. Datasource DataSourceNoCloud [seed=/dev/sdb][dsmode=net].  Up 14.04 seconds
[[0;32m  OK  [0m] Started Execute cloud user/final scripts.
[[0;32m  OK  [0m] Reached target Cloud-init target.

Ubuntu 18.04.4 LTS ubuntu-bionic ttyS0

ubuntu-bionic login: 